<?xml version="1.0" encoding="UTF-8"?>
<testsuite xmlns:xsi="http://www.w3.org/2001/XMLSchema-instance" xsi:noNamespaceSchemaLocation="https://maven.apache.org/surefire/maven-surefire-plugin/xsd/surefire-test-report-3.0.xsd" version="3.0" name="org.openmrs.api.ConceptServiceTest" time="47.137" tests="254" errors="0" skipped="1" failures="0">
  <properties>
[...]
</properties>
  <testcase name="getConceptSourceByUniqueId_shouldFailIfGivenNull" classname="org.openmrs.api.ConceptServiceTest" time="0.304"/>
  <testcase name="getConceptByReference_shouldFindAConceptByItsMapping" classname="org.openmrs.api.ConceptServiceTest" time="0.24"/>
  <testcase name="hasAnyConceptAttribute_shouldReturnTrueIfAnyConceptAttributeIsPresentForGivenConceptAttributeType" classname="org.openmrs.api.ConceptServiceTest" time="0.417"/>
  <testcase name="getConceptByName_shouldGetConceptByName" classname="org.openmrs.api.ConceptServiceTest" time="0.427"/>
  <testcase name="getConceptMapTypes_shouldNotIncludeHiddenConceptMapTypesIfIncludeHiddenIsSetToFalse" classname="org.openmrs.api.ConceptServiceTest" time="0.194"/>
  <testcase name="getDrugByUuid_shouldFindObjectGivenValidUuid" classname="org.openmrs.api.ConceptServiceTest" time="0.177"/>
  <testcase name="saveConcept_shouldSaveANewConceptNumeric" classname="org.openmrs.api.ConceptServiceTest" time="0.425"/>
  <testcase name="getConceptByName_shouldFindConceptsWithNamesInMoreSpecificLocales" classname="org.openmrs.api.ConceptServiceTest" time="0.408"/>
  <testcase name="getConcepts_shouldReturnASearchResultWhoseConceptNameContainsAllWordTokensAsFirst" classname="org.openmrs.api.ConceptServiceTest" time="0.524"/>
  <testcase name="getDefaultConceptMapType_shouldReturnTypeAsSetInGp" classname="org.openmrs.api.ConceptServiceTest" time="0.156"/>
  <testcase name="getConceptReferenceTermByName_shouldBeCaseInsensitive" classname="org.openmrs.api.ConceptServiceTest" time="0.154"/>
  <testcase name="getConceptNameTagByUuid_shouldReturnNullIfNoObjectFoundWithGivenUuid" classname="org.openmrs.api.ConceptServiceTest" time="0.176"/>
  <testcase name="saveConcept_shouldSaveAConceptNumericAsAConcept" classname="org.openmrs.api.ConceptServiceTest" time="0.366"/>
  <testcase name="saveConcept_shouldSetAuditInfoIfAnItemIsRemovedFromAnyOfItsChildCollections" classname="org.openmrs.api.ConceptServiceTest" time="0.194"/>
  <testcase name="getConceptSourceByHL7Code_shouldFailIfGivenNull" classname="org.openmrs.api.ConceptServiceTest" time="0.15"/>
  <testcase name="getConcepts_shouldReturnConceptSearchResultsThatContainAllSearchWordsAsFirst" classname="org.openmrs.api.ConceptServiceTest" time="0.338"/>
  <testcase name="getAllConcepts_shouldOrderByConceptIdDescendingWhenSetAscParameterToFalse" classname="org.openmrs.api.ConceptServiceTest" time="0.181"/>
  <testcase name="getConceptMapTypeByName_shouldReturnAConceptMapTypeMatchingTheSpecifiedName" classname="org.openmrs.api.ConceptServiceTest" time="0.169"/>
  <testcase name="saveConceptStopWord_shouldSaveConceptStopWordAssignDefaultLocaleIsItNull" classname="org.openmrs.api.ConceptServiceTest" time="0.151"/>
  <testcase name="conceptIterator_shouldIterateOverAllConcepts" classname="org.openmrs.api.ConceptServiceTest" time="0.146"/>
  <testcase name="getDefaultConceptMapType_shouldReturnSameAsByDefault" classname="org.openmrs.api.ConceptServiceTest" time="0.154"/>
  <testcase name="saveConceptSource_shouldNotSetDateCreatedIfOneIsSuppliedAlready" classname="org.openmrs.api.ConceptServiceTest" time="0.145"/>
  <testcase name="getConceptByName_shouldReturnNullGivenBlankString" classname="org.openmrs.api.ConceptServiceTest" time="0.145"/>
  <testcase name="getCountOfConceptReferenceTerms_shouldIncludeRetiredTermsIfIncludeRetiredIsSetToTrue" classname="org.openmrs.api.ConceptServiceTest" time="0.156"/>
  <testcase name="getConceptsByMapping_shouldReturnEmptyListIfNoMappingsExist" classname="org.openmrs.api.ConceptServiceTest" time="0.146"/>
  <testcase name="getConceptSetByUuid_shouldReturnNullIfNoObjectFoundWithGivenUuid" classname="org.openmrs.api.ConceptServiceTest" time="0.167"/>
  <testcase name="getConcepts_shouldNotReturnConceptsWithMatchingNamesThatAreVoided" classname="org.openmrs.api.ConceptServiceTest" time="0.166"/>
  <testcase name="getDrugByMapping_shouldReturnADrugThatMatchesTheCodeAndSource" classname="org.openmrs.api.ConceptServiceTest" time="0.322"/>
  <testcase name="getDrugs_shouldRejectANullSearchPhrase" classname="org.openmrs.api.ConceptServiceTest" time="0.146"/>
  <testcase name="mapConceptProposalToConcept_shouldAllowRejectingProposals" classname="org.openmrs.api.ConceptServiceTest" time="0.168"/>
  <testcase name="saveConcept_shouldSaveNonConceptComplexObjectAsConceptComplex" classname="org.openmrs.api.ConceptServiceTest" time="0.346"/>
  <testcase name="getFalseConcept_shouldReturnTheFalseConcept" classname="org.openmrs.api.ConceptServiceTest" time="0.146"/>
  <testcase name="getConcepts_shouldNotFailWithNullClassesAndDatatypes" classname="org.openmrs.api.ConceptServiceTest" time="0.16"/>
  <testcase name="getConceptSourceByUniqueId_shouldReturnNullIfNoConceptSourceWithGivenUniqueIdIsFound" classname="org.openmrs.api.ConceptServiceTest" time="0.144"/>
  <testcase name="getConcepts_shouldReturnConceptSearchResultsThatMatchUniqueConcepts" classname="org.openmrs.api.ConceptServiceTest" time="0.314"/>
  <testcase name="getConceptByMapping_shouldReturnNullIfNoMappingExists" classname="org.openmrs.api.ConceptServiceTest" time="0.16"/>
  <testcase name="getDrugByMapping_shouldReturnADrugThatMatchesTheCodeAndSourceAndTheBestMapType" classname="org.openmrs.api.ConceptServiceTest" time="0.294"/>
  <testcase name="getUnknownConcept_shouldReturnTheUnknownConcept" classname="org.openmrs.api.ConceptServiceTest" time="0.143"/>
  <testcase name="getAllConceptStopWords_shouldReturnEmptyListIfNoRecordFound" classname="org.openmrs.api.ConceptServiceTest" time="0.163"/>
  <testcase name="getDrugs_shouldGetDrugsLinkedToConceptsWithNamesThatMatchThePhraseAndRelatedLocales" classname="org.openmrs.api.ConceptServiceTest" time="0.378"/>
  <testcase name="getConceptByMapping_shouldReturnRetiredConceptIfOnlyMatch" classname="org.openmrs.api.ConceptServiceTest" time="0.141"/>
  <testcase name="saveConceptReferenceTerm_shouldUpdateChangesToTheConceptReferenceTermInTheDatabase" classname="org.openmrs.api.ConceptServiceTest" time="0.151"/>
  <testcase name="getConcepts_shouldPassWithAndOrNotWords" classname="org.openmrs.api.ConceptServiceTest" time="0.365"/>
  <testcase name="saveConcept_shouldEnsureThatEveryConcepNameLocaleHasExactlyOnePreferredName" classname="org.openmrs.api.ConceptServiceTest" time="0.142"/>
  <testcase name="getConceptsByClass_shouldReturnAnEmptyListIfNoneWasFound" classname="org.openmrs.api.ConceptServiceTest" time="0.127"/>
  <testcase name="getConceptSourceByName_shouldReturnNullIfNoConceptSourceWithThatNameIsFound" classname="org.openmrs.api.ConceptServiceTest" time="0.151"/>
  <testcase name="getConceptsByClass_shouldGetConceptsByClass" classname="org.openmrs.api.ConceptServiceTest" time="0.132"/>
  <testcase name="getDrugs_shouldIncludeRetiredDrugsIfIncludeRetiredIsSetToTrue" classname="org.openmrs.api.ConceptServiceTest" time="0.148"/>
  <testcase name="getConceptReferenceTerms_shouldReturnOnlyUnRetiredConceptReferenceTermsIfIncludeRetiredIsSetToFalse" classname="org.openmrs.api.ConceptServiceTest" time="0.137"/>
  <testcase name="getDrugsByMapping_shouldReturnRetiredAndNonretiredDrugsIfIncludeRetiredIsSetToTrue" classname="org.openmrs.api.ConceptServiceTest" time="0.295"/>
  <testcase name="mapConceptProposalToConcept_shouldNotSetValueCodedNameWhenAddConceptIsSelected" classname="org.openmrs.api.ConceptServiceTest" time="0.166"/>
  <testcase name="saveConcept_shouldNotFailWhenADuplicateNameIsEditedToAUniqueValue" classname="org.openmrs.api.ConceptServiceTest" time="0.296"/>
  <testcase name="saveConcept_shouldCreateAReferenceTermForAConceptMappingOnTheFlyWhenCreatingAConcept" classname="org.openmrs.api.ConceptServiceTest" time="0.173"/>
  <testcase name="retireConceptReferenceTerm_shouldRetireTheSpecifiedConceptReferenceTermWithTheGivenRetireReason" classname="org.openmrs.api.ConceptServiceTest" time="0.157"/>
  <testcase name="getConceptAttributeByUuid_shouldReturnNullIfNoConceptAttributeHasTheGivenUuid" classname="org.openmrs.api.ConceptServiceTest" time="0.276"/>
  <testcase name="getAllConcepts_shouldOrderByAConceptField" classname="org.openmrs.api.ConceptServiceTest" time="0.139"/>
  <testcase name="getDrugs_shouldGetDrugsLinkedToConceptsWithNamesThatMatchThePhraseAndLocale" classname="org.openmrs.api.ConceptServiceTest" time="0.352"/>
  <testcase name="getConceptsByMapping_shouldGetConceptsWithGivenCodeAndSourceName" classname="org.openmrs.api.ConceptServiceTest" time="0.16"/>
  <testcase name="getDrugsByMapping_shouldMatchOnTheMapTypes" classname="org.openmrs.api.ConceptServiceTest" time="0.298"/>
  <testcase name="unretireConceptMapType_shouldUnretireTheSpecifiedConceptMapTypeAndDropAllRetireRelatedFields" classname="org.openmrs.api.ConceptServiceTest" time="0.136"/>
  <testcase name="getConcepts_shouldIncludeRetiredConceptsInTheSearchResults" classname="org.openmrs.api.ConceptServiceTest" time="0.295"/>
  <testcase name="getConceptStopWords_shouldReturnDefaultLocaleConceptStopWordsIfLocaleIsNull" classname="org.openmrs.api.ConceptServiceTest" time="0.13"/>
  <testcase name="getCountOfConcepts_shouldReturnACountOfUniqueConcepts" classname="org.openmrs.api.ConceptServiceTest" time="0.295"/>
  <testcase name="getConceptSourceByHL7Code_shouldGetConceptSourceWithTheGivenUniqueId" classname="org.openmrs.api.ConceptServiceTest" time="0.141"/>
  <testcase name="saveConceptSource_shouldNotSetCreatorIfOneIsSuppliedAlready" classname="org.openmrs.api.ConceptServiceTest" time="0.136"/>
  <testcase name="getDrugByMapping_shouldFailIfSourceIsNull" classname="org.openmrs.api.ConceptServiceTest" time="0.129"/>
  <testcase name="getConceptByMapping_shouldReturnNullIfSourceCodeDoesNotExist" classname="org.openmrs.api.ConceptServiceTest" time="0.142"/>
  <testcase name="getDrugsByMapping_shouldExcludeDuplicateMatches" classname="org.openmrs.api.ConceptServiceTest" time="0.269"/>
  <testcase name="getConceptsByConceptSet_shouldReturnAllConceptsInSet" classname="org.openmrs.api.ConceptServiceTest" time="0.292"/>
  <testcase name="getConceptByReference_shouldFindAConceptByItsUuid" classname="org.openmrs.api.ConceptServiceTest" time="0.137"/>
  <testcase name="getConceptByMapping_shouldGetConceptWithGivenCodeAndSourceHl7Code" classname="org.openmrs.api.ConceptServiceTest" time="0.138"/>
  <testcase name="getConceptsByMapping_shouldReturnRetiredAndNonRetiredConceptsByDefault" classname="org.openmrs.api.ConceptServiceTest" time="0.15"/>
  <testcase name="getDrugIngredientByUuid_shouldFindObjectGivenValidUuid" classname="org.openmrs.api.ConceptServiceTest" time="0.133"/>
  <testcase name="getConceptByMapping_shouldNotReturnRetiredConcept" classname="org.openmrs.api.ConceptServiceTest" time="0.129"/>
  <testcase name="saveConcept_shouldUpdateConceptAlreadyExistingInDatabase" classname="org.openmrs.api.ConceptServiceTest" time="0.33"/>
  <testcase name="purgeConceptNameTag_shouldDeleteTheSpecifiedConceptNameTagFromTheDatabase" classname="org.openmrs.api.ConceptServiceTest" time="0.289"/>
  <testcase name="getConceptByReference_shouldFindAConceptByItsConceptName" classname="org.openmrs.api.ConceptServiceTest" time="0.131"/>
  <testcase name="getConceptAnswerByUuid_shouldFindObjectGivenValidUuid" classname="org.openmrs.api.ConceptServiceTest" time="0.134"/>
  <testcase name="getConceptDatatypeByUuid_shouldReturnNullIfNoObjectFoundWithGivenUuid" classname="org.openmrs.api.ConceptServiceTest" time="0.143"/>
  <testcase name="getConcepts_shouldReturnPreferredNamesHigher" classname="org.openmrs.api.ConceptServiceTest" time="0.308"/>
  <testcase name="getConceptStopWords_shouldReturnListOfConceptStopWordsForGivenLocale" classname="org.openmrs.api.ConceptServiceTest" time="0.134"/>
  <testcase name="getDrugsByMapping_shouldMatchOnTheConceptSource" classname="org.openmrs.api.ConceptServiceTest" time="0.285"/>
  <testcase name="getCountOfConceptReferenceTerms_shouldNotIncludeRetiredTermsIfIncludeRetiredIsSetToFalse" classname="org.openmrs.api.ConceptServiceTest" time="0.139"/>
  <testcase name="getConceptSourceByUuid_shouldFindObjectGivenValidUuid" classname="org.openmrs.api.ConceptServiceTest" time="0.135"/>
  <testcase name="saveConceptReferenceTerm_shouldAddAConceptReferenceTermToTheDatabaseAndAssignAnIdToIt" classname="org.openmrs.api.ConceptServiceTest" time="0.136"/>
  <testcase name="getConcepts_shouldFindConceptByFullCode" classname="org.openmrs.api.ConceptServiceTest" time="0.144"/>
  <testcase name="getConceptAttributeType_shouldReturnTheConceptAttributeTypeWithTheGivenId" classname="org.openmrs.api.ConceptServiceTest" time="0.271"/>
  <testcase name="getConceptAnswerByUuid_shouldReturnNullIfNoObjectFoundWithGivenUuid" classname="org.openmrs.api.ConceptServiceTest" time="0.131"/>
  <testcase name="getConceptProposalByUuid_shouldReturnNullIfNoObjectFoundWithGivenUuid" classname="org.openmrs.api.ConceptServiceTest" time="0.124"/>
  <testcase name="saveConcept_shouldNotSetAuditInfoIfTheConceptIsNotEdited" classname="org.openmrs.api.ConceptServiceTest" time="0">
    <skipped message="public void org.openmrs.api.ConceptServiceTest.saveConcept_shouldNotSetAuditInfoIfTheConceptIsNotEdited() is @Disabled"/>
  </testcase>
  <testcase name="getDrugs_shouldReturnAllDrugsWithAMatchingTermCodeOrDrugNameOrConceptName" classname="org.openmrs.api.ConceptServiceTest" time="0.304"/>
  <testcase name="saveConceptNameTag_shouldSaveATagIfItIsSupplied" classname="org.openmrs.api.ConceptServiceTest" time="0.136"/>
  <testcase name="getConceptByName_shouldGetConceptByPartialName" classname="org.openmrs.api.ConceptServiceTest" time="0.312"/>
  <testcase name="getConceptReferenceTerms_shouldReturnOnlyTheConceptReferenceTermsFromTheGivenConceptSource" classname="org.openmrs.api.ConceptServiceTest" time="0.126"/>
  <testcase name="saveConcept_shouldAlwaysReturnAPreferredNameForEveryLocaleThatHasAtleastOneUnvoidedName" classname="org.openmrs.api.ConceptServiceTest" time="0.135"/>
  <testcase name="getDrugs_shouldGetDrugsLinkedToConceptsWithNamesThatMatchThePhrase" classname="org.openmrs.api.ConceptServiceTest" time="0.141"/>
  <testcase name="saveConceptStopWord_shouldSaveConceptStopWordIntoDatabase" classname="org.openmrs.api.ConceptServiceTest" time="0.14"/>
  <testcase name="getDrugs_shouldGetDrugsWithNamesMatchingTheSearchPhrase" classname="org.openmrs.api.ConceptServiceTest" time="0.15"/>
  <testcase name="getConceptNameByUuid_shouldReturnNullIfNoObjectFoundWithGivenUuid" classname="org.openmrs.api.ConceptServiceTest" time="0.14"/>
  <testcase name="getConceptSourceByUuid_shouldReturnNullIfNoObjectFoundWithGivenUuid" classname="org.openmrs.api.ConceptServiceTest" time="0.134"/>
  <testcase name="hasAnyConceptAttribute_shouldReturnFalseIfNoConceptAttributeFoundForGivenConceptAttributeType" classname="org.openmrs.api.ConceptServiceTest" time="0.298"/>
  <testcase name="getDrugsByIngredient_shouldReturnDrugsMatchedByDrugConcept" classname="org.openmrs.api.ConceptServiceTest" time="0.143"/>
  <testcase name="getConceptByUuid_shouldReturnNullIfNoObjectFoundWithGivenUuid" classname="org.openmrs.api.ConceptServiceTest" time="0.129"/>
  <testcase name="getConceptMapTypeByUuid_shouldReturnAConceptMapTypeMatchingTheSpecifiedUuid" classname="org.openmrs.api.ConceptServiceTest" time="0.138"/>
  <testcase name="getConcept_shouldReturnNullGivenNullParameter" classname="org.openmrs.api.ConceptServiceTest" time="0.129"/>
  <testcase name="saveConceptSource_shouldSaveAConceptSourceWithANullHl7Code" classname="org.openmrs.api.ConceptServiceTest" time="0.134"/>
  <testcase name="getConceptMapTypeByName_shouldBeCaseInsensitive" classname="org.openmrs.api.ConceptServiceTest" time="0.164"/>
  <testcase name="getDrugs_shouldNotFailIfThereisNoDrugByGivenDrugId" classname="org.openmrs.api.ConceptServiceTest" time="0.174"/>
  <testcase name="getDrugsByIngredient_shouldReturnDrugsMatchedByIntermediateConcept" classname="org.openmrs.api.ConceptServiceTest" time="0.159"/>
  <testcase name="getDrugs_shouldReturnDrugsThatAreNotRetired" classname="org.openmrs.api.ConceptServiceTest" time="0.136"/>
  <testcase name="retireConceptAttributeType_shouldRetireAConceptAttributeType" classname="org.openmrs.api.ConceptServiceTest" time="0.274"/>
  <testcase name="getDrugByMapping_shouldFailIfNoCodeAndConceptSourceAndWithAnyOfTheseTypesAreProvided" classname="org.openmrs.api.ConceptServiceTest" time="0.137"/>
  <testcase name="unretireConceptAttributeType_shouldUnretireARetiredConceptAttributeType" classname="org.openmrs.api.ConceptServiceTest" time="0.327"/>
  <testcase name="getConceptDatatypeByName_shouldNotReturnAFuzzyMatchOnName" classname="org.openmrs.api.ConceptServiceTest" time="0.359"/>
  <testcase name="getConcepts_shouldReturnConceptSearchResultsThatMatchUniqueConceptsEvenIfDifferentMatchingWords" classname="org.openmrs.api.ConceptServiceTest" time="0.293"/>
  <testcase name="conceptIterator_shouldStartWithTheSmallestConceptId" classname="org.openmrs.api.ConceptServiceTest" time="0.202"/>
  <testcase name="getConceptMapTypes_shouldReturnOnlyUnRetiredConceptMapTypesIfIncludeRetiredIsSetToFalse" classname="org.openmrs.api.ConceptServiceTest" time="0.169"/>
  <testcase name="getConcepts_shouldReturnASearchResultForPhraseWithStopWords" classname="org.openmrs.api.ConceptServiceTest" time="0.372"/>
  <testcase name="changeConceptFromBooleanToCoded_shouldFailIfTheDatatypeOfTheConceptIsNotBoolean" classname="org.openmrs.api.ConceptServiceTest" time="0.171"/>
  <testcase name="saveConcept_shouldSetAuditInfoIfAnItemIsAddedToAnyOfItsChildCollections" classname="org.openmrs.api.ConceptServiceTest" time="0.15"/>
  <testcase name="saveConcept_shouldSetAPreferredNameForEachLocaleIfNoneIsMarked" classname="org.openmrs.api.ConceptServiceTest" time="0.156"/>
  <testcase name="saveConceptMapType_shouldAddTheSpecifiedConceptMapTypeToTheDatabaseAndAssignToItAnId" classname="org.openmrs.api.ConceptServiceTest" time="0.157"/>
  <testcase name="getConceptNumericByUuid_shouldFindObjectGivenValidUuid" classname="org.openmrs.api.ConceptServiceTest" time="0.151"/>
  <testcase name="purgeConceptAttributeType_shouldCompletelyRemoveAConceptAttributeType" classname="org.openmrs.api.ConceptServiceTest" time="0.322"/>
  <testcase name="getConceptReferenceTerms_shouldReturnUniqueTermsWithACodeOrNameContainingTheSearchPhrase" classname="org.openmrs.api.ConceptServiceTest" time="0.153"/>
  <testcase name="changeConceptFromBooleanToCoded_shouldExplicitlyAddTrueConceptAsAValue_CodedAnswer" classname="org.openmrs.api.ConceptServiceTest" time="0.146"/>
  <testcase name="mapConceptProposalToConcept_shouldFailWhenAddingADuplicateSyonymn" classname="org.openmrs.api.ConceptServiceTest" time="0.278"/>
  <testcase name="saveConcept_shouldGenerateIdForNewConceptIfNoneIsSpecified" classname="org.openmrs.api.ConceptServiceTest" time="0.147"/>
  <testcase name="purgeConceptMapType_shouldDeleteTheSpecifiedConceptMapTypeFromTheDatabase" classname="org.openmrs.api.ConceptServiceTest" time="0.125"/>
  <testcase name="changeConceptFromBooleanToCoded_shouldConvertTheDatatypeOfABooleanConceptToCoded" classname="org.openmrs.api.ConceptServiceTest" time="0.139"/>
  <testcase name="getAllConcepts_shouldOrderByConceptIdAndIncludeRetiredWhenGivenNoParameters" classname="org.openmrs.api.ConceptServiceTest" time="0.145"/>
  <testcase name="getTrue_shouldReturnTheTrueConcept" classname="org.openmrs.api.ConceptServiceTest" time="0.134"/>
  <testcase name="saveConcept_shouldAddNewConceptName" classname="org.openmrs.api.ConceptServiceTest" time="0.147"/>
  <testcase name="getAllConcepts_shouldExcludeRetiredConceptsWhenSetIncludeRetiredToFalse" classname="org.openmrs.api.ConceptServiceTest" time="0.136"/>
  <testcase name="getConceptByUuid_shouldFindObjectGivenValidUuid" classname="org.openmrs.api.ConceptServiceTest" time="0.12"/>
  <testcase name="saveConcept_shouldCreateAReferenceTermForAConceptMappingOnTheFlyWhenEditingAConcept" classname="org.openmrs.api.ConceptServiceTest" time="0.147"/>
  <testcase name="saveConcept_shouldVoidTheConceptNameIfTheTextOfTheNameHasChanged" classname="org.openmrs.api.ConceptServiceTest" time="0.134"/>
  <testcase name="deleteConceptStopWord_shouldDeleteTheGivenConceptStopWord" classname="org.openmrs.api.ConceptServiceTest" time="0.124"/>
  <testcase name="retireConceptMapType_shouldShouldSetTheDefaultRetireReasonIfNoneIsGiven" classname="org.openmrs.api.ConceptServiceTest" time="0.125"/>
  <testcase name="getTrueConcept_shouldReturnTheTrueConcept" classname="org.openmrs.api.ConceptServiceTest" time="0.126"/>
  <testcase name="getDrugByUuid_shouldReturnNullIfNoObjectFoundWithGivenUuid" classname="org.openmrs.api.ConceptServiceTest" time="0.125"/>
  <testcase name="shouldFetchDescriptionsForConceptsThatWereFirstFetchedAsNumerics" classname="org.openmrs.api.ConceptServiceTest" time="0.135"/>
  <testcase name="saveConcept_shouldCreateANewConceptNameWhenTheOldNameIsChanged" classname="org.openmrs.api.ConceptServiceTest" time="0.15"/>
  <testcase name="saveConcept_shouldKeepIdForNewConceptIfOneIsSpecified" classname="org.openmrs.api.ConceptServiceTest" time="0.127"/>
  <testcase name="getConceptsByName_shouldReturnConceptsForSpecificCountryAndGlobalLanguageGivenLanguageAndCountryLocale" classname="org.openmrs.api.ConceptServiceTest" time="0.253"/>
  <testcase name="retireConceptSource_shouldRetireConceptSource" classname="org.openmrs.api.ConceptServiceTest" time="0.129"/>
  <testcase name="saveConceptAttributeType_shouldCreateANewConceptAttributeType" classname="org.openmrs.api.ConceptServiceTest" time="0.28"/>
  <testcase name="getFalse_shouldReturnTheFalseConcept" classname="org.openmrs.api.ConceptServiceTest" time="0.128"/>
  <testcase name="retireConceptReferenceTerm_shouldShouldSetTheDefaultRetireReasonIfNoneIsGiven" classname="org.openmrs.api.ConceptServiceTest" time="0.137"/>
  <testcase name="getConceptReferenceTermByCode_shouldReturnAConceptReferenceTermThatMatchesTheGivenCodeFromTheGivenSource" classname="org.openmrs.api.ConceptServiceTest" time="0.118"/>
  <testcase name="getConceptsByConceptSource_shouldReturnEmptyListOfConceptMapsIfNoneFound" classname="org.openmrs.api.ConceptServiceTest" time="0.124"/>
  <testcase name="getConceptSourceByName_shouldGetConceptSourceWithTheGivenName" classname="org.openmrs.api.ConceptServiceTest" time="0.124"/>
  <testcase name="changeConceptFromBooleanToCoded_shouldExplicitlyAddFalseConceptAsAValue_CodedAnswer" classname="org.openmrs.api.ConceptServiceTest" time="0.133"/>
  <testcase name="getConceptSourceByUniqueId_shouldReturnNullIfGivenAnEmptyString" classname="org.openmrs.api.ConceptServiceTest" time="0.121"/>
  <testcase name="getConceptDatatypeByUuid_shouldFindObjectGivenValidUuid" classname="org.openmrs.api.ConceptServiceTest" time="0.139"/>
  <testcase name="getConceptNameTagByUuid_shouldFindObjectGivenValidUuid" classname="org.openmrs.api.ConceptServiceTest" time="0.12"/>
  <testcase name="getDrugs_shouldGetDrugsThatHaveMappingsWithReferenceTermCodesThatMatchThePhrase" classname="org.openmrs.api.ConceptServiceTest" time="0.284"/>
  <testcase name="saveConceptStopWord_shouldSaveConceptStopWordInUppercase" classname="org.openmrs.api.ConceptServiceTest" time="0.122"/>
  <testcase name="getConceptAttributeByUuid_shouldGetTheConceptAttributeWithTheGivenUuid" classname="org.openmrs.api.ConceptServiceTest" time="0.258"/>
  <testcase name="getConceptAttributeTypeByUuid_shouldReturnNullIfNoConceptAttributeTypeExistsWithTheGivenUuid" classname="org.openmrs.api.ConceptServiceTest" time="0.27"/>
  <testcase name="saveConcept_shouldPassWhenSavingAConceptAfterRemovingAName" classname="org.openmrs.api.ConceptServiceTest" time="0.311"/>
  <testcase name="getConceptAttributeTypeByUuid_shouldReturnTheConceptAttributeTypeWithTheGivenUuid" classname="org.openmrs.api.ConceptServiceTest" time="0.276"/>
  <testcase name="getConceptComplex_shouldReturnAConceptComplexObject" classname="org.openmrs.api.ConceptServiceTest" time="0.318"/>
  <testcase name="getDrugsByMapping_shouldFailIfNoCodeAndConceptSourceAndWithAnyOfTheseTypesAreProvided" classname="org.openmrs.api.ConceptServiceTest" time="0.124"/>
  <testcase name="getCountOfConcepts_shouldNotFailWithNullClassesAndDatatypes" classname="org.openmrs.api.ConceptServiceTest" time="0.132"/>
  <testcase name="saveConceptNameTag_shouldNotSaveATagIfItIsInvalid" classname="org.openmrs.api.ConceptServiceTest" time="0.124"/>
  <testcase name="getConceptsByMapping_shouldReturnEmptyListIfSourceCodeDoesNotExist" classname="org.openmrs.api.ConceptServiceTest" time="0.133"/>
  <testcase name="saveConceptMapType_shouldUpdateAnExistingConceptMapType" classname="org.openmrs.api.ConceptServiceTest" time="0.127"/>
  <testcase name="getConceptByMapping_shouldThrowExceptionIfTwoConceptsHaveSameMapping" classname="org.openmrs.api.ConceptServiceTest" time="0.126"/>
  <testcase name="getDrugsByMapping_shouldReturnEmptyListIfNoMatchesAreFound" classname="org.openmrs.api.ConceptServiceTest" time="0.276"/>
  <testcase name="saveConceptNameTag_shouldSaveAConceptNameTagIfATagDoesNotExist" classname="org.openmrs.api.ConceptServiceTest" time="0.127"/>
  <testcase name="getConceptByName_shouldFindConceptsWithNamesInSameSpecificLocale" classname="org.openmrs.api.ConceptServiceTest" time="0.326"/>
  <testcase name="saveConceptStopWord_shouldSaveReturnConceptStopWordWithId" classname="org.openmrs.api.ConceptServiceTest" time="0.153"/>
  <testcase name="getConceptDescriptionByUuid_shouldReturnNullIfNoObjectFoundWithGivenUuid" classname="org.openmrs.api.ConceptServiceTest" time="0.145"/>
  <testcase name="getDrugs_shouldNotReturnDrugsThatAreRetired" classname="org.openmrs.api.ConceptServiceTest" time="0.146"/>
  <testcase name="getConceptsByConceptSource_shouldReturnAListOfConceptMapsIfConceptMappingsFound" classname="org.openmrs.api.ConceptServiceTest" time="0.12"/>
  <testcase name="getConceptByReference_shouldFindAConceptByItsConceptId" classname="org.openmrs.api.ConceptServiceTest" time="0.14"/>
  <testcase name="getConceptAttributeType_shouldReturnNullIfNoConceptAttributeTypeExistsWithTheGivenId" classname="org.openmrs.api.ConceptServiceTest" time="0.303"/>
  <testcase name="getConcepts_shouldExcludeSpecifiedClassesFromTheSearchResults" classname="org.openmrs.api.ConceptServiceTest" time="0.277"/>
  <testcase name="mapConceptProposalToConcept_shouldSetValueCodedNameWhenAddSynonymIsSelected" classname="org.openmrs.api.ConceptServiceTest" time="0.155"/>
  <testcase name="getConceptIdsByMapping_shouldPopulateCache" classname="org.openmrs.api.ConceptServiceTest" time="0.123"/>
  <testcase name="unretireConceptReferenceTerm_shouldUnretireTheSpecifiedConceptReferenceTermAndDropAllRetireRelatedFields" classname="org.openmrs.api.ConceptServiceTest" time="0.121"/>
  <testcase name="getConceptReferenceTermByUuid_shouldReturnTheConceptReferenceTermThatMatchesTheGivenUuid" classname="org.openmrs.api.ConceptServiceTest" time="0.118"/>
  <testcase name="saveConceptNameTag_shouldSaveAnEditedNameTag" classname="org.openmrs.api.ConceptServiceTest" time="0.116"/>
  <testcase name="getConceptDescriptionByUuid_shouldFindObjectGivenValidUuid" classname="org.openmrs.api.ConceptServiceTest" time="0.112"/>
  <testcase name="saveConcept_shouldSaveNonConceptNumericObjectAsConceptNumeric" classname="org.openmrs.api.ConceptServiceTest" time="0.286"/>
  <testcase name="getDrugsByMapping_shouldGetAListOfAllDrugsThatMatchOnAllTheParameterValues" classname="org.openmrs.api.ConceptServiceTest" time="0.253"/>
  <testcase name="getDrugsByMapping_shouldFailIfSourceIsNull" classname="org.openmrs.api.ConceptServiceTest" time="0.117"/>
  <testcase name="saveConcept_shouldSetAuditInfoIfAnyItemInTheChildCollectionsIsEdited" classname="org.openmrs.api.ConceptServiceTest" time="0.127"/>
  <testcase name="getConceptAttributeTypes_shouldGetConceptAttributeByExactName" classname="org.openmrs.api.ConceptServiceTest" time="0.27"/>
  <testcase name="getConceptsByMapping_shouldSortNonRetiredConceptsFirst" classname="org.openmrs.api.ConceptServiceTest" time="0.14"/>
  <testcase name="getConceptNumericByUuid_shouldReturnNullIfNoObjectFoundWithGivenUuid" classname="org.openmrs.api.ConceptServiceTest" time="0.136"/>
  <testcase name="getConceptsByMapping_shouldGetConceptsWithGivenCodeAndSourceH17Code" classname="org.openmrs.api.ConceptServiceTest" time="0.122"/>
  <testcase name="shouldEvictConceptIdsIfSourceOrTermsAreUpdated" classname="org.openmrs.api.ConceptServiceTest" time="0.131"/>
  <testcase name="retireConceptMapType_shouldRetireTheSpecifiedConceptMapTypeWithTheGivenRetireReason" classname="org.openmrs.api.ConceptServiceTest" time="0.123"/>
  <testcase name="saveConcept_shouldSaveChangesBetweenConceptNumericAndComplex" classname="org.openmrs.api.ConceptServiceTest" time="0.285"/>
  <testcase name="getConceptsByMapping_shouldReturnRetiredAndNonRetiredConcepts" classname="org.openmrs.api.ConceptServiceTest" time="0.134"/>
  <testcase name="getConceptByMapping_shouldGetConceptWithGivenCodeAndSourceName" classname="org.openmrs.api.ConceptServiceTest" time="0.125"/>
  <testcase name="getDrugIngredientByUuid_shouldReturnNullIfNoObjectFoundWithGivenUuid" classname="org.openmrs.api.ConceptServiceTest" time="0.127"/>
  <testcase name="saveConcept_shouldCreateNewConceptInDatabase" classname="org.openmrs.api.ConceptServiceTest" time="0.296"/>
  <testcase name="saveConceptStopWord_shouldFailIfADuplicateConceptStopWordInALocaleIsAdded" classname="org.openmrs.api.ConceptServiceTest" time="0.125"/>
  <testcase name="getOrderableConcepts_shouldGetOrderableConcepts" classname="org.openmrs.api.ConceptServiceTest" time="0.273"/>
  <testcase name="getConceptReferenceTermByName_shouldReturnAConceptReferenceTermThatMatchesTheGivenNameFromTheGivenSource" classname="org.openmrs.api.ConceptServiceTest" time="0.131"/>
  <testcase name="getConcepts_shouldReturnEmptyListIfNoConceptWithinSpecifiedClassesWasFound" classname="org.openmrs.api.ConceptServiceTest" time="0.271"/>
  <testcase name="saveConceptNameTag_shouldNotSaveAConceptNameTagIfTagExists" classname="org.openmrs.api.ConceptServiceTest" time="0.125"/>
  <testcase name="getConceptSourceByHL7Code_shouldReturnNullIfNoConceptSourceWithGivenUniqueIdIsFound" classname="org.openmrs.api.ConceptServiceTest" time="0.116"/>
  <testcase name="getDrugs_shouldReturnDrugsByDrugConceptId" classname="org.openmrs.api.ConceptServiceTest" time="0.12"/>
  <testcase name="getConceptByMapping_shouldReturnRetiredConceptByDefaultIfOnlyMatch" classname="org.openmrs.api.ConceptServiceTest" time="0.124"/>
  <testcase name="getDrugs_shouldReturnDrugsByDrugId" classname="org.openmrs.api.ConceptServiceTest" time="0.123"/>
  <testcase name="getAllConcepts_shouldOrderByAConceptNameField" classname="org.openmrs.api.ConceptServiceTest" time="0.139"/>
  <testcase name="getConceptClassByUuid_shouldFindObjectGivenValidUuid" classname="org.openmrs.api.ConceptServiceTest" time="0.126"/>
  <testcase name="saveConceptSource_shouldNotSaveAConceptSourceIfVoidedIsNull" classname="org.openmrs.api.ConceptServiceTest" time="0.127"/>
  <testcase name="getDrugsByIngredient_shouldReturnEmptyListIfNothingFound" classname="org.openmrs.api.ConceptServiceTest" time="0.133"/>
  <testcase name="getConceptMapTypes_shouldReturnSortedList" classname="org.openmrs.api.ConceptServiceTest" time="0.126"/>
  <testcase name="getAllConceptAttributeTypes_shouldReturnAllConceptAttributeTypesIncludingRetiredOnes" classname="org.openmrs.api.ConceptServiceTest" time="0.261"/>
  <testcase name="getConceptProposalByUuid_shouldFindObjectGivenValidUuid" classname="org.openmrs.api.ConceptServiceTest" time="0.122"/>
  <testcase name="getConceptStopWords_shouldReturnEmptyListIfNoConceptStopWordsForGivenLocale" classname="org.openmrs.api.ConceptServiceTest" time="0.136"/>
  <testcase name="getConceptSourceByUniqueId_shouldGetConceptSourceWithTheGivenUniqueId" classname="org.openmrs.api.ConceptServiceTest" time="0.127"/>
  <testcase name="getAllConceptStopWords_shouldReturnAllConceptStopWords" classname="org.openmrs.api.ConceptServiceTest" time="0.118"/>
  <testcase name="getAllConceptReferenceTerms_shouldReturnAllConceptReferenceTermsInTheDatabase" classname="org.openmrs.api.ConceptServiceTest" time="0.14"/>
  <testcase name="getConceptByName_shouldReturnNullGivenNullParameter" classname="org.openmrs.api.ConceptServiceTest" time="0.116"/>
  <testcase name="getConceptsByName_shouldReturnConceptsForAllCountriesAndGlobalLanguageGivenLanguageOnlyLocale" classname="org.openmrs.api.ConceptServiceTest" time="0.323"/>
  <testcase name="getConceptByName_shouldFindConceptsWithNamesInMoreGenericLocales" classname="org.openmrs.api.ConceptServiceTest" time="0.3"/>
  <testcase name="purgeConcept_shouldFailIfAnyOfTheConceptNamesOfTheConceptIsBeingUsedByAnObs" classname="org.openmrs.api.ConceptServiceTest" time="0.142"/>
  <testcase name="saveConcept_shouldNotUpdateConceptDataTypeIfConceptIsAttachedToAnObservation" classname="org.openmrs.api.ConceptServiceTest" time="0.35"/>
  <testcase name="getConceptMapTypes_shouldReturnAllTheConceptMapTypesIfIncludeRetiredAndHiddenAreSetToTrue" classname="org.openmrs.api.ConceptServiceTest" time="0.129"/>
  <testcase name="getConceptByMapping_shouldIgnoreCase" classname="org.openmrs.api.ConceptServiceTest" time="0.125"/>
  <testcase name="getConceptsByAnswer_shouldFindAnswersForConcept" classname="org.openmrs.api.ConceptServiceTest" time="0.124"/>
  <testcase name="getActiveConceptMapTypes_shouldReturnAllTheConceptMapTypesExcludingHiddenOnes" classname="org.openmrs.api.ConceptServiceTest" time="0.13"/>
  <testcase name="getDrugsByMapping_shouldMatchOnTheCode" classname="org.openmrs.api.ConceptServiceTest" time="0.258"/>
  <testcase name="getConceptNameByUuid_shouldFindObjectGivenValidUuid" classname="org.openmrs.api.ConceptServiceTest" time="0.119"/>
  <testcase name="getConceptDatatypeByName_shouldReturnAnExactMatchOnName" classname="org.openmrs.api.ConceptServiceTest" time="0.289"/>
  <testcase name="getConceptSetByUuid_shouldFindObjectGivenValidUuid" classname="org.openmrs.api.ConceptServiceTest" time="0.125"/>
  <testcase name="getConceptAttributeTypes_shouldSearchConceptAttributesByName" classname="org.openmrs.api.ConceptServiceTest" time="0.265"/>
  <testcase name="saveConcept_shouldUpdateConceptIfConceptIsAttachedToAnObservationAndItIsANonDatatypeChange" classname="org.openmrs.api.ConceptServiceTest" time="0.306"/>
  <testcase name="getConceptMappingsToSource_shouldReturnAListOfConceptMapsFromTheGivenSource" classname="org.openmrs.api.ConceptServiceTest" time="0.114"/>
  <testcase name="getDrugByMapping_shouldFailIfMultipleDrugsAreFoundMatchingTheBestMapType" classname="org.openmrs.api.ConceptServiceTest" time="0.258"/>
  <testcase name="mapConceptProposalToConcept_shouldNotRequireMappedConceptOnRejectAction" classname="org.openmrs.api.ConceptServiceTest" time="0.12"/>
  <testcase name="shouldFetchNamesForConceptsThatWereFirstFetchedAsNumerics" classname="org.openmrs.api.ConceptServiceTest" time="0.14"/>
  <testcase name="getConceptByReference_shouldFindAConceptWithStaticConstant" classname="org.openmrs.api.ConceptServiceTest" time="0.133"/>
  <testcase name="getConceptSourceByHL7Code_shouldReturnNullIfGivenAnEmptyString" classname="org.openmrs.api.ConceptServiceTest" time="0.123"/>
  <testcase name="getConceptReferenceTerms_shouldReturnAllTheConceptReferenceTermsIfIncludeRetiredIsSetToTrue" classname="org.openmrs.api.ConceptServiceTest" time="0.127"/>
  <testcase name="saveConcept_shouldReuseConceptNameTagsThatAlreadyExistInTheDatabase" classname="org.openmrs.api.ConceptServiceTest" time="0.276"/>
  <testcase name="getConceptByReference_shouldReturnNullWhenEitherConceptRefIsInvalidOrDoesNotMatchAnyConcept" classname="org.openmrs.api.ConceptServiceTest" time="0.12"/>
  <testcase name="getTrueConcept_shouldReturnProperTrueConcept" classname="org.openmrs.api.ConceptServiceTest" time="0.125"/>
  <testcase name="getFalseConcept_shouldReturnProperFalseConcept" classname="org.openmrs.api.ConceptServiceTest" time="0.12"/>
  <testcase name="getDrugByMapping_shouldReturnNullIfNoMatchFound" classname="org.openmrs.api.ConceptServiceTest" time="0.283"/>
  <testcase name="saveConcept_shouldNotAcceptALocaleThatIsNeitherAmongTheLocaleAllowedListNorADefaultLocale" classname="org.openmrs.api.ConceptServiceTest" time="0.129"/>
  <testcase name="getConceptsByMapping_shouldOnlyReturnNonRetiredConcepts" classname="org.openmrs.api.ConceptServiceTest" time="0.12"/>
  <testcase name="getReferenceTermMappingsTo_shouldReturnAllConceptReferenceTermMapsWhereTheSpecifiedTermIsTheTermB" classname="org.openmrs.api.ConceptServiceTest" time="0.125"/>
  <testcase name="getConcepts_shouldReturnConceptsWithSpecifiedClasses" classname="org.openmrs.api.ConceptServiceTest" time="0.27"/>
  <testcase name="getDrugs_shouldReturnUniqueDrugs" classname="org.openmrs.api.ConceptServiceTest" time="0.144"/>
  <testcase name="getConcept_shouldFindAConceptWithNonStandardUuid" classname="org.openmrs.api.ConceptServiceTest" time="0.132"/>
  <testcase name="getConceptClassByUuid_shouldReturnNullIfNoObjectFoundWithGivenUuid" classname="org.openmrs.api.ConceptServiceTest" time="0.132"/>
</testsuite>