<?xml version="1.0" encoding="UTF-8"?>
<testsuite xmlns:xsi="http://www.w3.org/2001/XMLSchema-instance" xsi:noNamespaceSchemaLocation="https://maven.apache.org/surefire/maven-surefire-plugin/xsd/surefire-test-report-3.0.xsd" version="3.0" name="org.openmrs.api.db.PatientDAOTest" time="40.501" tests="159" errors="0" skipped="1" failures="0">
  <properties>
[...]
</properties>
  <testcase name="getPatients_shouldGetPatientByWholeNameMadeUpOfShortNames_SignatureNo1" classname="org.openmrs.api.db.PatientDAOTest" time="0.236"/>
  <testcase name="getPatients_shouldGetPatientByWholeNameMadeUpOfShortNames_SignatureNo2" classname="org.openmrs.api.db.PatientDAOTest" time="0.248"/>
  <testcase name="getDuplicatePatients_shouldGetDuplicatesWithBirthDate" classname="org.openmrs.api.db.PatientDAOTest" time="0.238"/>
  <testcase name="getPatients_shouldGetOnePatientByRandomCaseAttribute_SignatureNo2" classname="org.openmrs.api.db.PatientDAOTest" time="0.226"/>
  <testcase name="getPatients_shouldNotGetPatientsByMultipleAttributes_SignatureNo2" classname="org.openmrs.api.db.PatientDAOTest" time="0.219"/>
  <testcase name="getCountOfPatients_shouldCountZeroPatientsWhenNameAndIdentifierAndListOfIdentifierTypesAreEmpty_SignatureNo1" classname="org.openmrs.api.db.PatientDAOTest" time="0.221"/>
  <testcase name="getPatients_shouldGetPatientsWithMatchModeAnywhere_SignatureNo1" classname="org.openmrs.api.db.PatientDAOTest" time="0.224"/>
  <testcase name="getPatients_shouldGetPatientsWithMatchModeAnywhere_SignatureNo2" classname="org.openmrs.api.db.PatientDAOTest" time="0.222"/>
  <testcase name="getPatients_shouldGetNoPatientByNonexistingAttribute_SignatureNo2" classname="org.openmrs.api.db.PatientDAOTest" time="0.23"/>
  <testcase name="getCountOfPatients_shouldCountMultiplePatients_SignatureNo1" classname="org.openmrs.api.db.PatientDAOTest" time="0.231"/>
  <testcase name="getCountOfPatients_shouldCountMultiplePatients_SignatureNo2" classname="org.openmrs.api.db.PatientDAOTest" time="0.217"/>
  <testcase name="getPatients_shouldNotGetPatientByNonexistingSingleShortName_SignatureNo1" classname="org.openmrs.api.db.PatientDAOTest" time="0.22"/>
  <testcase name="getPatients_shouldNotGetPatientByNonexistingSingleShortName_SignatureNo2" classname="org.openmrs.api.db.PatientDAOTest" time="0.221"/>
  <testcase name="getCountOfPatients_shouldNotCountVoidedPatients_SignatureNo1" classname="org.openmrs.api.db.PatientDAOTest" time="0.219"/>
  <testcase name="getCountOfPatients_shouldNotCountVoidedPatients_SignatureNo2" classname="org.openmrs.api.db.PatientDAOTest" time="0.213"/>
  <testcase name="getAllPatientIdentifierTypes_shouldNotReturnNullExcludingRetired" classname="org.openmrs.api.db.PatientDAOTest" time="0.214"/>
  <testcase name="getPatientIdentifiers_shouldNotFetchPatientIdentifiersThatPartiallyMatchesGivenIdentifier" classname="org.openmrs.api.db.PatientDAOTest" time="0.208"/>
  <testcase name="getPatients_shouldNotGetPatientByNonexistingIdentifier_SignatureNo1" classname="org.openmrs.api.db.PatientDAOTest" time="0.226"/>
  <testcase name="getPatients_shouldNotGetPatientByNonexistingIdentifier_SignatureNo2" classname="org.openmrs.api.db.PatientDAOTest" time="0.224"/>
  <testcase name="getAllPatientIdentifierTypes_shouldNotReturnNullIncludingRetired" classname="org.openmrs.api.db.PatientDAOTest" time="0.22"/>
  <testcase name="getCountOfPatients_shouldCountZeroPatientsWhenQueryIsNull_SignatureNo2" classname="org.openmrs.api.db.PatientDAOTest" time="0.216"/>
  <testcase name="getPatients_shouldGetPatientsByMultipleShortNameParts_SignatureNo1" classname="org.openmrs.api.db.PatientDAOTest" time="0.231"/>
  <testcase name="getPatients_shouldGetPatientsByMultipleShortNameParts_SignatureNo2" classname="org.openmrs.api.db.PatientDAOTest" time="0.232"/>
  <testcase name="getPatients_shouldNotGetPatientByNullIdentifier_SignatureNo1" classname="org.openmrs.api.db.PatientDAOTest" time="0.212"/>
  <testcase name="getCountOfPatients_shouldObeyAttributeMatchMode" classname="org.openmrs.api.db.PatientDAOTest" time="0.239"/>
  <testcase name="getPatients_shouldReturnExactMatchFirst" classname="org.openmrs.api.db.PatientDAOTest" time="0.226"/>
  <testcase name="getAllPatientIdentifierTypes_shouldReturnAll" classname="org.openmrs.api.db.PatientDAOTest" time="0.227"/>
  <testcase name="getCountOfPatients_shouldCountPatientsByIdentifier_SignatureNo1" classname="org.openmrs.api.db.PatientDAOTest" time="0.228"/>
  <testcase name="getCountOfPatients_shouldCountPatientsByIdentifier_SignatureNo2" classname="org.openmrs.api.db.PatientDAOTest" time="0.229"/>
  <testcase name="getPatients_shouldGetPatientByMiddleName_SignatureNo1" classname="org.openmrs.api.db.PatientDAOTest" time="0.216"/>
  <testcase name="getPatients_shouldGetPatientByMiddleName_SignatureNo2" classname="org.openmrs.api.db.PatientDAOTest" time="0.218"/>
  <testcase name="getPatients_shouldNotGetPatientsByNullName_SignatureNo1" classname="org.openmrs.api.db.PatientDAOTest" time="0.22"/>
  <testcase name="getDuplicatePatients_shouldGetDuplicatesWithGenderBirthDate" classname="org.openmrs.api.db.PatientDAOTest" time="0.223"/>
  <testcase name="getPatients_shouldNotGetPatientsByEmptyName_SignatureNo1" classname="org.openmrs.api.db.PatientDAOTest" time="0.223"/>
  <testcase name="getPatientIdentifiers_shouldNotGetVoidedPatientIdentifiers" classname="org.openmrs.api.db.PatientDAOTest" time="0.211"/>
  <testcase name="getPatients_shouldGetNoPatientByVoidedAttribute_SignatureNo2" classname="org.openmrs.api.db.PatientDAOTest" time="0.22"/>
  <testcase name="getPatientIdentifierTypes_shouldReturnNonRetiredPatientIdentifierTypes_OrderedByRequiredFirst" classname="org.openmrs.api.db.PatientDAOTest" time="0.207"/>
  <testcase name="getPatients_shouldNotMatchVoidedPatientNames_SignatureNo1" classname="org.openmrs.api.db.PatientDAOTest" time="0.373"/>
  <testcase name="getPatients_shouldNotGetExcessPatientsOnIdentifierAndAttributeMatch" classname="org.openmrs.api.db.PatientDAOTest" time="0.425"/>
  <testcase name="getPatients_shouldReturnDistinctPatientList_SignatureNo2" classname="org.openmrs.api.db.PatientDAOTest" time="0.253"/>
  <testcase name="getCountOfPatients_shouldCountPatientsBySearchableAttribute_SignatureNo2" classname="org.openmrs.api.db.PatientDAOTest" time="0.226"/>
  <testcase name="getPatients_shouldReturnOnlyPatients" classname="org.openmrs.api.db.PatientDAOTest" time="0.221"/>
  <testcase name="getPatients_shouldGetOnePatientByMultipleNameParts_SignatureNo1" classname="org.openmrs.api.db.PatientDAOTest" time="0.223"/>
  <testcase name="getPatients_shouldGetPatientByIdentifier_SignatureNo1" classname="org.openmrs.api.db.PatientDAOTest" time="0.224"/>
  <testcase name="getPatients_shouldGetPatientByIdentifier_SignatureNo2" classname="org.openmrs.api.db.PatientDAOTest" time="0.219"/>
  <testcase name="getPatients_shouldFindIdentifierIgnoringCase" classname="org.openmrs.api.db.PatientDAOTest" time="0.405"/>
  <testcase name="getPatients_shouldNotGetPatientByWrongIdentifierStartMatchPhrase" classname="org.openmrs.api.db.PatientDAOTest" time="0.22"/>
  <testcase name="getPatients_shouldNotGetPatientsWithMatchModeStart_SignatureNo1" classname="org.openmrs.api.db.PatientDAOTest" time="0.226"/>
  <testcase name="getPatients_shouldNotGetPatientsWithMatchModeStart_SignatureNo2" classname="org.openmrs.api.db.PatientDAOTest" time="0.232"/>
  <testcase name="getPatients_shouldGetPatientByFamilyName_SignatureNo1" classname="org.openmrs.api.db.PatientDAOTest" time="0.251"/>
  <testcase name="getPatients_shouldGetPatientByFamilyName_SignatureNo2" classname="org.openmrs.api.db.PatientDAOTest" time="0.224"/>
  <testcase name="getPatientIdentifierTypes_shouldReturnNonRetiredPatientIdentifierTypesWithGivenFormat" classname="org.openmrs.api.db.PatientDAOTest" time="0.219"/>
  <testcase name="getPatientIdentifierTypes_shouldReturnOnlyNonRetiredPatientIdentifierTypes" classname="org.openmrs.api.db.PatientDAOTest" time="0.228"/>
  <testcase name="getPatients_shouldNotGetExcessPatients" classname="org.openmrs.api.db.PatientDAOTest" time="0.218"/>
  <testcase name="getDuplicatePatients_shouldGetZeroDuplicatesWithInvalidAttribute" classname="org.openmrs.api.db.PatientDAOTest" time="0.223"/>
  <testcase name="getPatients_shouldNotMatchVoidedPatients" classname="org.openmrs.api.db.PatientDAOTest" time="0.454"/>
  <testcase name="getPatients_shouldGetPatientByShortMiddleName_SignatureNo1" classname="org.openmrs.api.db.PatientDAOTest" time="0.246"/>
  <testcase name="getPatients_shouldGetPatientByShortMiddleName_SignatureNo2" classname="org.openmrs.api.db.PatientDAOTest" time="0.245"/>
  <testcase name="getPatientIdentifierTypes_shouldReturnNonRetiredPatientIdentifierTypesThatAreNotRequired" classname="org.openmrs.api.db.PatientDAOTest" time="0.231"/>
  <testcase name="getPatients_shouldGetPatientBySearchingOnNamesOrIdentifiersAndUsingIdentifierValueAsNameParameter_SignatureNo1" classname="org.openmrs.api.db.PatientDAOTest" time="0.236"/>
  <testcase name="getPatients_shouldGetPatientByIdentifierAnywhereMatch" classname="org.openmrs.api.db.PatientDAOTest" time="0.417"/>
  <testcase name="getPatients_shouldNotGetNewPatientByWrongIdentifierStartMatch" classname="org.openmrs.api.db.PatientDAOTest" time="0.393"/>
  <testcase name="getPatients_shouldGetPatientByShortFamily2Name_SignatureNo1" classname="org.openmrs.api.db.PatientDAOTest" time="0.22"/>
  <testcase name="getPatients_shouldGetPatientByShortFamily2Name_SignatureNo2" classname="org.openmrs.api.db.PatientDAOTest" time="0.219"/>
  <testcase name="getPatients_shouldNotMatchVoidedPatients_SignatureNo1" classname="org.openmrs.api.db.PatientDAOTest" time="0.427"/>
  <testcase name="getPatients_shouldNotMatchVoidedPatients_SignatureNo2" classname="org.openmrs.api.db.PatientDAOTest" time="0.218"/>
  <testcase name="getPatients_shouldFindOnlySearchablePersonAttributes" classname="org.openmrs.api.db.PatientDAOTest" time="0.287"/>
  <testcase name="getPatientIdentifierTypes_shouldReturnNonRetiredPatientIdentifierTypes_OrderedByRequiredAndName" classname="org.openmrs.api.db.PatientDAOTest" time="0.219"/>
  <testcase name="getPatients_shouldFindTheNextFourOutOfElevenPatients_SignatureNo2" classname="org.openmrs.api.db.PatientDAOTest" time="0.231"/>
  <testcase name="getPatients_shouldFindTheRemainingThreeOutOfElevenPatients_SignatureNo2" classname="org.openmrs.api.db.PatientDAOTest" time="0.231"/>
  <testcase name="getPatients_shouldNotMatchVoidedPatientsWhenVoidedFalseIsPassed" classname="org.openmrs.api.db.PatientDAOTest" time="0.421"/>
  <testcase name="getPatientIdentifierTypes_shouldReturnNonRetiredPatientIdentifierTypes_OrderedByRequiredNameAndTypeId" classname="org.openmrs.api.db.PatientDAOTest" time="0.245"/>
  <testcase name="getPatients_shouldEscapeUnderscoreCharacterInIdentifierPhrase" classname="org.openmrs.api.db.PatientDAOTest" time="1.362"/>
  <testcase name="getPatients_shouldGetNoVoidedPersonWhenVoidedFalseIsPassed" classname="org.openmrs.api.db.PatientDAOTest" time="0.243"/>
  <testcase name="getPatients_shouldGetPatientByShortFamilyName_SignatureNo1" classname="org.openmrs.api.db.PatientDAOTest" time="0.221"/>
  <testcase name="getPatients_shouldGetPatientByShortFamilyName_SignatureNo2" classname="org.openmrs.api.db.PatientDAOTest" time="0.241"/>
  <testcase name="getPatientIdentifiers_shouldReturnAllMatchingNonVoidedPatientIdentifiersIfIsPreferredIsSetToNull" classname="org.openmrs.api.db.PatientDAOTest" time="0.223"/>
  <testcase name="getPatientIdentifiers_shouldReturnAllMatchingNonVoidedPatientIdentifiersIfIsPreferredIsSetToTrue" classname="org.openmrs.api.db.PatientDAOTest" time="0.218"/>
  <testcase name="getPatients_shouldGetVoidedPersonWhenVoidedTrueIsPassed" classname="org.openmrs.api.db.PatientDAOTest" time="0.229"/>
  <testcase name="getPatients_shouldGetMultiplePatientsBySingleAttribute_SignatureNo2" classname="org.openmrs.api.db.PatientDAOTest" time="0.224"/>
  <testcase name="getPatients_shouldFindElevenOutOfElevenPatients_SignatureNo2" classname="org.openmrs.api.db.PatientDAOTest" time="0.223"/>
  <testcase name="getPatients_shouldNotGetPatientByVoidedIdentifier_SignatureNo1" classname="org.openmrs.api.db.PatientDAOTest" time="0.215"/>
  <testcase name="getPatients_shouldNotGetPatientByVoidedIdentifier_SignatureNo2" classname="org.openmrs.api.db.PatientDAOTest" time="0.217"/>
  <testcase name="getPatients_shouldNotGetPatientByMixOfExistingAndNonexistingNameParts_SignatureNo1" classname="org.openmrs.api.db.PatientDAOTest" time="0.206"/>
  <testcase name="getPatients_shouldNotGetPatientByMixOfExistingAndNonexistingNameParts_SignatureNo2" classname="org.openmrs.api.db.PatientDAOTest" time="0.227"/>
  <testcase name="getCountOfPatients_shouldCountSinglePatient_SignatureNo1" classname="org.openmrs.api.db.PatientDAOTest" time="0.216"/>
  <testcase name="getCountOfPatients_shouldCountSinglePatient_SignatureNo2" classname="org.openmrs.api.db.PatientDAOTest" time="0.221"/>
  <testcase name="getPatients_shouldNotGetPatientByNonexistingShortNameParts_SignatureNo1" classname="org.openmrs.api.db.PatientDAOTest" time="0.216"/>
  <testcase name="getPatients_shouldNotGetPatientByNonexistingShortNameParts_SignatureNo2" classname="org.openmrs.api.db.PatientDAOTest" time="0.215"/>
  <testcase name="getPatients_shouldGetNewPatientByIdentifierStartMatch" classname="org.openmrs.api.db.PatientDAOTest" time="0.406"/>
  <testcase name="getPatientIdentifiers_shouldReturnAllMatchingNonVoidedPatientIdentifiersIfIsPreferredIsSetToFalse" classname="org.openmrs.api.db.PatientDAOTest" time="0.21"/>
  <testcase name="getPatientIdentifiers_shouldFetchAllPatientIdentifiersBelongToGivenPatients" classname="org.openmrs.api.db.PatientDAOTest" time="0.221"/>
  <testcase name="getPatients_shouldGetPatientsWithMatchModeStart_SignatureNo1" classname="org.openmrs.api.db.PatientDAOTest" time="0.217"/>
  <testcase name="getPatients_shouldGetPatientsWithMatchModeStart_SignatureNo2" classname="org.openmrs.api.db.PatientDAOTest" time="0.223"/>
  <testcase name="getCountOfPatients_shouldCountPatientsByName_SignatureNo1" classname="org.openmrs.api.db.PatientDAOTest" time="0.231"/>
  <testcase name="getCountOfPatients_shouldCountPatientsByName_SignatureNo2" classname="org.openmrs.api.db.PatientDAOTest" time="0.224"/>
  <testcase name="getPatients_shouldNotGetPatientsWithMatchModeAnywhere_SignatureNo1" classname="org.openmrs.api.db.PatientDAOTest" time="0.215"/>
  <testcase name="getPatients_shouldNotGetPatientsWithMatchModeAnywhere_SignatureNo2" classname="org.openmrs.api.db.PatientDAOTest" time="0.231"/>
  <testcase name="getPatients_shouldGetPatientByFamily2Name_SignatureNo1" classname="org.openmrs.api.db.PatientDAOTest" time="0.217"/>
  <testcase name="getPatients_shouldGetPatientByFamily2Name_SignatureNo2" classname="org.openmrs.api.db.PatientDAOTest" time="0.219"/>
  <testcase name="getPatients_shouldNotGetPatientsByNegativeLength_SignatureNo2" classname="org.openmrs.api.db.PatientDAOTest" time="0.211"/>
  <testcase name="getPatientIdentifiers_shouldFetchPatientIdentifiersThatEqualsGivenIdentifier" classname="org.openmrs.api.db.PatientDAOTest" time="0.203"/>
  <testcase name="getPatients_shouldEscapeAnAsterixCharacterInNamePhrase" classname="org.openmrs.api.db.PatientDAOTest" time="0.406"/>
  <testcase name="getAllPatientIdentifierTypes_shouldReturnOrdered" classname="org.openmrs.api.db.PatientDAOTest" time="0.238"/>
  <testcase name="getPatients_shouldEscapeAnAsterixCharacterInIdentifierPhrase" classname="org.openmrs.api.db.PatientDAOTest" time="0.526"/>
  <testcase name="getDuplicatePatients_shouldGetDuplicatesWithGenderBirthDateGivenNameFamilyNameIdentifier" classname="org.openmrs.api.db.PatientDAOTest" time="0.252"/>
  <testcase name="getPatients_shouldEscapePercentageCharacterInIdentifierPhrase" classname="org.openmrs.api.db.PatientDAOTest" time="0.488"/>
  <testcase name="getPatients_shouldFindPatientsWithNullAsStart_SignatureNo2" classname="org.openmrs.api.db.PatientDAOTest" time="0.224"/>
  <testcase name="getPatients_shouldGetOnePatientByAttribute_SignatureNo2" classname="org.openmrs.api.db.PatientDAOTest" time="0.252"/>
  <testcase name="getDuplicatePatients_shouldGetDuplicatesWithGenderBirthDateGivenName" classname="org.openmrs.api.db.PatientDAOTest" time="0.239"/>
  <testcase name="getPatients_shouldFindPatientsEfficiently" classname="org.openmrs.api.db.PatientDAOTest" time="0">
    <skipped message="Designated for manual runs"/>
  </testcase>
  <testcase name="getPatients_shouldGetPatientByWholeName_SignatureNo1" classname="org.openmrs.api.db.PatientDAOTest" time="0.227"/>
  <testcase name="getPatients_shouldGetPatientByWholeName_SignatureNo2" classname="org.openmrs.api.db.PatientDAOTest" time="0.215"/>
  <testcase name="getCountOfPatients_shouldCountZeroPatientsForNonmatchingQuery_SignatureNo1" classname="org.openmrs.api.db.PatientDAOTest" time="0.225"/>
  <testcase name="getCountOfPatients_shouldCountZeroPatientsForNonmatchingQuery_SignatureNo2" classname="org.openmrs.api.db.PatientDAOTest" time="0.223"/>
  <testcase name="getPatients_shouldNotGetExcessPatientsOnIdentifierAndNameMatch" classname="org.openmrs.api.db.PatientDAOTest" time="0.451"/>
  <testcase name="getPatients_shouldNotGetPatientByMixOfExistingAndNonexistingShortNameParts_SignatureNo1" classname="org.openmrs.api.db.PatientDAOTest" time="0.231"/>
  <testcase name="getPatients_shouldNotGetPatientByMixOfExistingAndNonexistingShortNameParts_SignatureNo2" classname="org.openmrs.api.db.PatientDAOTest" time="0.22"/>
  <testcase name="getPatients_shouldGetPatientByIdentifierStartMatch" classname="org.openmrs.api.db.PatientDAOTest" time="0.22"/>
  <testcase name="getPatients_shouldFindTheFirstFourOutOfElevenPatients_SignatureNo2" classname="org.openmrs.api.db.PatientDAOTest" time="0.211"/>
  <testcase name="getPatientIdentifierTypes_shouldReturnNonRetiredPatientIdentifierTypesWithGivenName" classname="org.openmrs.api.db.PatientDAOTest" time="0.203"/>
  <testcase name="getPatients_shouldFindPatientsWithNullAsLength_SignatureNo2" classname="org.openmrs.api.db.PatientDAOTest" time="0.23"/>
  <testcase name="getPatients_shouldNotGetPatientByVoidedName_SignatureNo1" classname="org.openmrs.api.db.PatientDAOTest" time="0.218"/>
  <testcase name="getPatients_shouldNotGetPatientByVoidedName_SignatureNo2" classname="org.openmrs.api.db.PatientDAOTest" time="0.219"/>
  <testcase name="getPatients_shouldGetCloseIdentifiersWithCorrectStartPhrase" classname="org.openmrs.api.db.PatientDAOTest" time="0.381"/>
  <testcase name="getCountOfPatients_shouldCountZeroPatientsWhenQueryIsEmpty_SignatureNo2" classname="org.openmrs.api.db.PatientDAOTest" time="0.216"/>
  <testcase name="getPatients_shouldReturnPatientsByStartAndLengthPassed" classname="org.openmrs.api.db.PatientDAOTest" time="0.212"/>
  <testcase name="getPatients_shouldNotGetPatientsByNullQuery_SignatureNo2" classname="org.openmrs.api.db.PatientDAOTest" time="0.215"/>
  <testcase name="getPatients_shouldEscapePercentageCharacterInNamePhrase" classname="org.openmrs.api.db.PatientDAOTest" time="0.425"/>
  <testcase name="getAllPatientIdentifierTypes_shouldNotReturnRetired" classname="org.openmrs.api.db.PatientDAOTest" time="0.207"/>
  <testcase name="getPatients_shouldFindPatientsWithNegativeStart_SignatureNo2" classname="org.openmrs.api.db.PatientDAOTest" time="0.222"/>
  <testcase name="getPatients_shouldGetVoidedPatientsWithIdentifierStartMatch" classname="org.openmrs.api.db.PatientDAOTest" time="0.215"/>
  <testcase name="getPatients_shouldGetPatientByShortGivenName_SignatureNo1" classname="org.openmrs.api.db.PatientDAOTest" time="0.212"/>
  <testcase name="getPatients_shouldGetPatientByShortGivenName_SignatureNo2" classname="org.openmrs.api.db.PatientDAOTest" time="0.227"/>
  <testcase name="getPatientIdentifiers_shouldFetchAllPatientIdentifiersBelongToGivenPatient" classname="org.openmrs.api.db.PatientDAOTest" time="0.207"/>
  <testcase name="getPatients_shouldMatchVoidedPersonWhenVoidedTrueIsPassed" classname="org.openmrs.api.db.PatientDAOTest" time="0.368"/>
  <testcase name="getPatients_shouldGetPatientBySearchingOnNamesOrIdentifiersAndUsingNameValueAsIdentifierParameter_SignatureNo1" classname="org.openmrs.api.db.PatientDAOTest" time="0.213"/>
  <testcase name="getPatients_shouldNotGetPatientByNonexistingNameParts_SignatureNo1" classname="org.openmrs.api.db.PatientDAOTest" time="0.222"/>
  <testcase name="getPatients_shouldNotGetPatientByNonexistingNameParts_SignatureNo2" classname="org.openmrs.api.db.PatientDAOTest" time="0.215"/>
  <testcase name="getPatients_shouldGetPatientByGivenName_SignatureNo1" classname="org.openmrs.api.db.PatientDAOTest" time="0.221"/>
  <testcase name="getPatients_shouldGetPatientByGivenName_SignatureNo2" classname="org.openmrs.api.db.PatientDAOTest" time="0.234"/>
  <testcase name="getPatients_shouldNotMatchVoidedPatientNames" classname="org.openmrs.api.db.PatientDAOTest" time="0.451"/>
  <testcase name="getPatients_shouldNotGetPatientsByZeroLength_SignatureNo2" classname="org.openmrs.api.db.PatientDAOTest" time="0.277"/>
  <testcase name="getPatients_shouldNotGetPatientByVoidedShortName_SignatureNo1" classname="org.openmrs.api.db.PatientDAOTest" time="0.23"/>
  <testcase name="getPatients_shouldNotGetPatientByVoidedShortName_SignatureNo2" classname="org.openmrs.api.db.PatientDAOTest" time="0.231"/>
  <testcase name="getPatients_shouldGetNoPatientByNonsearchableAttribute_SignatureNo2" classname="org.openmrs.api.db.PatientDAOTest" time="0.213"/>
  <testcase name="getCountOfPatients_shouldCountZeroPatientsWhenNameAndIdentifierAndListOfIdentifierTypesAreNull_SignatureNo1" classname="org.openmrs.api.db.PatientDAOTest" time="0.212"/>
  <testcase name="getDuplicatePatients_shouldGetDuplicatesWithGenderBirthDateGivenNameFamilyName" classname="org.openmrs.api.db.PatientDAOTest" time="0.216"/>
  <testcase name="getPatients_shouldNotGetCloseIdentifiersWithWrongStartPhrase" classname="org.openmrs.api.db.PatientDAOTest" time="0.402"/>
  <testcase name="getPatientIdentifiers_shouldLimitByResultsByLocation" classname="org.openmrs.api.db.PatientDAOTest" time="0.211"/>
  <testcase name="getPatients_shouldNotGetPatientByEmptyIdentifier_SignatureNo1" classname="org.openmrs.api.db.PatientDAOTest" time="0.212"/>
  <testcase name="getPatients_shouldNotGetPatientsBySearchingForNonvoidedAndVoidedAttribute_SignatureNo2" classname="org.openmrs.api.db.PatientDAOTest" time="0.211"/>
  <testcase name="getPatients_shouldEscapeUnderscoreCharacterInNamePhrase" classname="org.openmrs.api.db.PatientDAOTest" time="0.434"/>
  <testcase name="getPatientIdentifierTypes_shouldReturnNonRetiredPatientIdentifierTypesThatAreRequired" classname="org.openmrs.api.db.PatientDAOTest" time="0.217"/>
  <testcase name="getPatients_shouldNotGetPatientByNonexistingSingleName_SignatureNo1" classname="org.openmrs.api.db.PatientDAOTest" time="0.241"/>
  <testcase name="getPatients_shouldNotGetPatientByNonexistingSingleName_SignatureNo2" classname="org.openmrs.api.db.PatientDAOTest" time="0.237"/>
  <testcase name="getDuplicatePatients_shouldGetDuplicatesWithBirthDateInvalidAttribute" classname="org.openmrs.api.db.PatientDAOTest" time="0.239"/>
  <testcase name="getPatients_shouldNotGetPatientsByEmptyQuery_SignatureNo2" classname="org.openmrs.api.db.PatientDAOTest" time="0.226"/>
  <testcase name="getPatients_shouldFindPatientsWithExcessiveLength_SignatureNo2" classname="org.openmrs.api.db.PatientDAOTest" time="0.239"/>
</testsuite>